<?xml version="1.0" encoding="UTF-8"?>
<testng-results skipped="0" failed="1" ignored="0" total="6" passed="5">
  <reporter-output>
  </reporter-output>
  <suite name="Default suite" duration-ms="114641" started-at="2019-03-05T09:49:40Z" finished-at="2019-03-05T09:51:34Z">
    <groups>
    </groups>
    <test name="Default test" duration-ms="114641" started-at="2019-03-05T09:49:40Z" finished-at="2019-03-05T09:51:34Z">
      <class name="com.facebook.testcases.Testcases">
        <test-method status="PASS" signature="beforeClass()[pri:0, instance:com.facebook.testcases.Testcases@59fa1d9b]" name="beforeClass" is-config="true" duration-ms="37937" started-at="2019-03-05T09:49:40Z" finished-at="2019-03-05T09:50:17Z">
          <reporter-output>
          </reporter-output>
        </test-method> <!-- beforeClass -->
        <test-method status="PASS" signature="homepage()[pri:1, instance:com.facebook.testcases.Testcases@59fa1d9b]" name="homepage" duration-ms="14" started-at="2019-03-05T09:50:17Z" finished-at="2019-03-05T09:50:17Z">
          <reporter-output>
          </reporter-output>
        </test-method> <!-- homepage -->
        <test-method status="PASS" signature="tearDown(org.testng.ITestResult)[pri:0, instance:com.facebook.testcases.Testcases@59fa1d9b]" name="tearDown" is-config="true" duration-ms="3" started-at="2019-03-05T09:50:18Z" finished-at="2019-03-05T09:50:18Z">
          <params>
            <param index="0">
              <value>
                <![CDATA[[TestResult name=homepage status=SUCCESS method=Testcases.homepage()[pri:1, instance:com.facebook.testcases.Testcases@59fa1d9b] output={null}]]]>
              </value>
            </param>
          </params>
          <reporter-output>
          </reporter-output>
        </test-method> <!-- tearDown -->
        <test-method status="PASS" signature="Login()[pri:2, instance:com.facebook.testcases.Testcases@59fa1d9b]" name="Login" duration-ms="10059" started-at="2019-03-05T09:50:18Z" finished-at="2019-03-05T09:50:28Z">
          <reporter-output>
          </reporter-output>
        </test-method> <!-- Login -->
        <test-method status="PASS" signature="tearDown(org.testng.ITestResult)[pri:0, instance:com.facebook.testcases.Testcases@59fa1d9b]" name="tearDown" is-config="true" duration-ms="1" started-at="2019-03-05T09:50:28Z" finished-at="2019-03-05T09:50:28Z">
          <params>
            <param index="0">
              <value>
                <![CDATA[[TestResult name=Login status=SUCCESS method=Testcases.Login()[pri:2, instance:com.facebook.testcases.Testcases@59fa1d9b] output={null}]]]>
              </value>
            </param>
          </params>
          <reporter-output>
          </reporter-output>
        </test-method> <!-- tearDown -->
        <test-method status="PASS" signature="username()[pri:3, instance:com.facebook.testcases.Testcases@59fa1d9b]" name="username" duration-ms="5386" started-at="2019-03-05T09:50:28Z" finished-at="2019-03-05T09:50:33Z">
          <reporter-output>
          </reporter-output>
        </test-method> <!-- username -->
        <test-method status="PASS" signature="tearDown(org.testng.ITestResult)[pri:0, instance:com.facebook.testcases.Testcases@59fa1d9b]" name="tearDown" is-config="true" duration-ms="0" started-at="2019-03-05T09:50:33Z" finished-at="2019-03-05T09:50:33Z">
          <params>
            <param index="0">
              <value>
                <![CDATA[[TestResult name=username status=SUCCESS method=Testcases.username()[pri:3, instance:com.facebook.testcases.Testcases@59fa1d9b] output={null}]]]>
              </value>
            </param>
          </params>
          <reporter-output>
          </reporter-output>
        </test-method> <!-- tearDown -->
        <test-method status="PASS" signature="password_login()[pri:4, instance:com.facebook.testcases.Testcases@59fa1d9b]" name="password_login" duration-ms="18539" started-at="2019-03-05T09:50:33Z" finished-at="2019-03-05T09:50:51Z">
          <reporter-output>
          </reporter-output>
        </test-method> <!-- password_login -->
        <test-method status="PASS" signature="tearDown(org.testng.ITestResult)[pri:0, instance:com.facebook.testcases.Testcases@59fa1d9b]" name="tearDown" is-config="true" duration-ms="1" started-at="2019-03-05T09:50:51Z" finished-at="2019-03-05T09:50:51Z">
          <params>
            <param index="0">
              <value>
                <![CDATA[[TestResult name=password_login status=SUCCESS method=Testcases.password_login()[pri:4, instance:com.facebook.testcases.Testcases@59fa1d9b] output={null}]]]>
              </value>
            </param>
          </params>
          <reporter-output>
          </reporter-output>
        </test-method> <!-- tearDown -->
        <test-method status="FAIL" signature="Feedpost()[pri:5, instance:com.facebook.testcases.Testcases@59fa1d9b]" name="Feedpost" duration-ms="25093" started-at="2019-03-05T09:50:51Z" finished-at="2019-03-05T09:51:17Z">
          <exception class="org.openqa.selenium.NoSuchElementException">
            <message>
              <![CDATA[no such element: Unable to locate element: {"method":"xpath","selector":"//button[@value='1']//span[contains(text(),'Share')]"}
  (Session info: chrome=72.0.3626.119)
  (Driver info: chromedriver=2.44.609538 (b655c5a60b0b544917107a59d4153d4bf78e1b90),platform=Windows NT 10.0.17134 x86_64) (WARNING: The server did not provide any stacktrace information)
Command duration or timeout: 0 milliseconds
For documentation on this error, please visit: https://www.seleniumhq.org/exceptions/no_such_element.html
Build info: version: '3.141.59', revision: 'e82be7d358', time: '2018-11-14T08:25:48'
System info: host: 'LAPTOP-K1GDAT59', ip: '192.168.1.8', os.name: 'Windows 10', os.arch: 'amd64', os.version: '10.0', java.version: '1.8.0_171'
Driver info: org.openqa.selenium.chrome.ChromeDriver
Capabilities {acceptInsecureCerts: false, acceptSslCerts: false, applicationCacheEnabled: false, browserConnectionEnabled: false, browserName: chrome, chrome: {chromedriverVersion: 2.44.609538 (b655c5a60b0b54..., userDataDir: C:\Users\Avisha\AppData\Loc...}, cssSelectorsEnabled: true, databaseEnabled: false, goog:chromeOptions: {debuggerAddress: localhost:55838}, handlesAlerts: true, hasTouchScreen: false, javascriptEnabled: true, locationContextEnabled: true, mobileEmulationEnabled: false, nativeEvents: true, networkConnectionEnabled: false, pageLoadStrategy: normal, platform: XP, platformName: XP, rotatable: false, setWindowRect: true, takesHeapSnapshot: true, takesScreenshot: true, unexpectedAlertBehaviour: ignore, unhandledPromptBehavior: ignore, version: 72.0.3626.119, webStorageEnabled: true}
Session ID: dc535341257295efd4775d30e9b17ec7
*** Element info: {Using=xpath, value=//button[@value='1']//span[contains(text(),'Share')]}]]>
            </message>
            <full-stacktrace>
              <![CDATA[org.openqa.selenium.NoSuchElementException: no such element: Unable to locate element: {"method":"xpath","selector":"//button[@value='1']//span[contains(text(),'Share')]"}
  (Session info: chrome=72.0.3626.119)
  (Driver info: chromedriver=2.44.609538 (b655c5a60b0b544917107a59d4153d4bf78e1b90),platform=Windows NT 10.0.17134 x86_64) (WARNING: The server did not provide any stacktrace information)
Command duration or timeout: 0 milliseconds
For documentation on this error, please visit: https://www.seleniumhq.org/exceptions/no_such_element.html
Build info: version: '3.141.59', revision: 'e82be7d358', time: '2018-11-14T08:25:48'
System info: host: 'LAPTOP-K1GDAT59', ip: '192.168.1.8', os.name: 'Windows 10', os.arch: 'amd64', os.version: '10.0', java.version: '1.8.0_171'
Driver info: org.openqa.selenium.chrome.ChromeDriver
Capabilities {acceptInsecureCerts: false, acceptSslCerts: false, applicationCacheEnabled: false, browserConnectionEnabled: false, browserName: chrome, chrome: {chromedriverVersion: 2.44.609538 (b655c5a60b0b54..., userDataDir: C:\Users\Avisha\AppData\Loc...}, cssSelectorsEnabled: true, databaseEnabled: false, goog:chromeOptions: {debuggerAddress: localhost:55838}, handlesAlerts: true, hasTouchScreen: false, javascriptEnabled: true, locationContextEnabled: true, mobileEmulationEnabled: false, nativeEvents: true, networkConnectionEnabled: false, pageLoadStrategy: normal, platform: XP, platformName: XP, rotatable: false, setWindowRect: true, takesHeapSnapshot: true, takesScreenshot: true, unexpectedAlertBehaviour: ignore, unhandledPromptBehavior: ignore, version: 72.0.3626.119, webStorageEnabled: true}
Session ID: dc535341257295efd4775d30e9b17ec7
*** Element info: {Using=xpath, value=//button[@value='1']//span[contains(text(),'Share')]}
at sun.reflect.NativeConstructorAccessorImpl.newInstance0(Native Method)
at sun.reflect.NativeConstructorAccessorImpl.newInstance(Unknown Source)
at sun.reflect.DelegatingConstructorAccessorImpl.newInstance(Unknown Source)
at java.lang.reflect.Constructor.newInstance(Unknown Source)
at org.openqa.selenium.remote.ErrorHandler.createThrowable(ErrorHandler.java:214)
at org.openqa.selenium.remote.ErrorHandler.throwIfResponseFailed(ErrorHandler.java:166)
at org.openqa.selenium.remote.http.JsonHttpResponseCodec.reconstructValue(JsonHttpResponseCodec.java:40)
at org.openqa.selenium.remote.http.AbstractHttpResponseCodec.decode(AbstractHttpResponseCodec.java:80)
at org.openqa.selenium.remote.http.AbstractHttpResponseCodec.decode(AbstractHttpResponseCodec.java:44)
at org.openqa.selenium.remote.HttpCommandExecutor.execute(HttpCommandExecutor.java:158)
at org.openqa.selenium.remote.service.DriverCommandExecutor.execute(DriverCommandExecutor.java:83)
at org.openqa.selenium.remote.RemoteWebDriver.execute(RemoteWebDriver.java:552)
at org.openqa.selenium.remote.RemoteWebDriver.findElement(RemoteWebDriver.java:323)
at org.openqa.selenium.remote.RemoteWebDriver.findElementByXPath(RemoteWebDriver.java:428)
at org.openqa.selenium.By$ByXPath.findElement(By.java:353)
at org.openqa.selenium.remote.RemoteWebDriver.findElement(RemoteWebDriver.java:315)
at org.openqa.selenium.support.pagefactory.DefaultElementLocator.findElement(DefaultElementLocator.java:69)
at org.openqa.selenium.support.pagefactory.internal.LocatingElementHandler.invoke(LocatingElementHandler.java:38)
at com.sun.proxy.$Proxy10.click(Unknown Source)
at pages.Feedpost.share(Feedpost.java:51)
at com.facebook.testcases.Testcases.Feedpost(Testcases.java:153)
at sun.reflect.NativeMethodAccessorImpl.invoke0(Native Method)
at sun.reflect.NativeMethodAccessorImpl.invoke(Unknown Source)
at sun.reflect.DelegatingMethodAccessorImpl.invoke(Unknown Source)
at java.lang.reflect.Method.invoke(Unknown Source)
at org.testng.internal.MethodInvocationHelper.invokeMethod(MethodInvocationHelper.java:124)
at org.testng.internal.Invoker.invokeMethod(Invoker.java:580)
at org.testng.internal.Invoker.invokeTestMethod(Invoker.java:716)
at org.testng.internal.Invoker.invokeTestMethods(Invoker.java:988)
at org.testng.internal.TestMethodWorker.invokeTestMethods(TestMethodWorker.java:125)
at org.testng.internal.TestMethodWorker.run(TestMethodWorker.java:109)
at org.testng.TestRunner.privateRun(TestRunner.java:648)
at org.testng.TestRunner.run(TestRunner.java:505)
at org.testng.SuiteRunner.runTest(SuiteRunner.java:455)
at org.testng.SuiteRunner.runSequentially(SuiteRunner.java:450)
at org.testng.SuiteRunner.privateRun(SuiteRunner.java:415)
at org.testng.SuiteRunner.run(SuiteRunner.java:364)
at org.testng.SuiteRunnerWorker.runSuite(SuiteRunnerWorker.java:52)
at org.testng.SuiteRunnerWorker.run(SuiteRunnerWorker.java:84)
at org.testng.TestNG.runSuitesSequentially(TestNG.java:1208)
at org.testng.TestNG.runSuitesLocally(TestNG.java:1137)
at org.testng.TestNG.runSuites(TestNG.java:1049)
at org.testng.TestNG.run(TestNG.java:1017)
at org.testng.remote.AbstractRemoteTestNG.run(AbstractRemoteTestNG.java:114)
at org.testng.remote.RemoteTestNG.initAndRun(RemoteTestNG.java:251)
at org.testng.remote.RemoteTestNG.main(RemoteTestNG.java:77)
]]>
            </full-stacktrace>
          </exception> <!-- org.openqa.selenium.NoSuchElementException -->
          <reporter-output>
          </reporter-output>
        </test-method> <!-- Feedpost -->
        <test-method status="PASS" signature="tearDown(org.testng.ITestResult)[pri:0, instance:com.facebook.testcases.Testcases@59fa1d9b]" name="tearDown" is-config="true" duration-ms="1179" started-at="2019-03-05T09:51:17Z" finished-at="2019-03-05T09:51:18Z">
          <params>
            <param index="0">
              <value>
                <![CDATA[[TestResult name=Feedpost status=FAILURE method=Testcases.Feedpost()[pri:5, instance:com.facebook.testcases.Testcases@59fa1d9b] output={null}]]]>
              </value>
            </param>
          </params>
          <reporter-output>
          </reporter-output>
        </test-method> <!-- tearDown -->
        <test-method status="PASS" signature="sendrequest()[pri:6, instance:com.facebook.testcases.Testcases@59fa1d9b]" name="sendrequest" duration-ms="15039" started-at="2019-03-05T09:51:18Z" finished-at="2019-03-05T09:51:33Z">
          <reporter-output>
          </reporter-output>
        </test-method> <!-- sendrequest -->
        <test-method status="PASS" signature="tearDown(org.testng.ITestResult)[pri:0, instance:com.facebook.testcases.Testcases@59fa1d9b]" name="tearDown" is-config="true" duration-ms="0" started-at="2019-03-05T09:51:33Z" finished-at="2019-03-05T09:51:33Z">
          <params>
            <param index="0">
              <value>
                <![CDATA[[TestResult name=sendrequest status=SUCCESS method=Testcases.sendrequest()[pri:6, instance:com.facebook.testcases.Testcases@59fa1d9b] output={null}]]]>
              </value>
            </param>
          </params>
          <reporter-output>
          </reporter-output>
        </test-method> <!-- tearDown -->
        <test-method status="PASS" signature="last()[pri:0, instance:com.facebook.testcases.Testcases@59fa1d9b]" name="last" is-config="true" duration-ms="1348" started-at="2019-03-05T09:51:33Z" finished-at="2019-03-05T09:51:34Z">
          <reporter-output>
          </reporter-output>
        </test-method> <!-- last -->
      </class> <!-- com.facebook.testcases.Testcases -->
    </test> <!-- Default test -->
  </suite> <!-- Default suite -->
</testng-results>
